<?xml version="1.0" encoding="utf-8"?><testsuites name="pytest tests"><testsuite name="pytest" errors="0" failures="1" skipped="0" tests="22" time="4.334" timestamp="2026-05-22T06:42:51.112140+00:00" hostname="agent-env-ba937a00-b29e-4ce3-9418-6b3c80c10a67"><testcase classname="backend.tests.backend_test.TestProducts" name="test_list_products" time="0.228" /><testcase classname="backend.tests.backend_test.TestProducts" name="test_get_navigation" time="0.099" /><testcase classname="backend.tests.backend_test.TestProducts" name="test_get_alarms" time="0.141" /><testcase classname="backend.tests.backend_test.TestProducts" name="test_get_invalid_product" time="0.155" /><testcase classname="backend.tests.backend_test.TestAuth" name="test_register_and_cookie" time="0.388" /><testcase classname="backend.tests.backend_test.TestAuth" name="test_register_duplicate" time="0.114" /><testcase classname="backend.tests.backend_test.TestAuth" name="test_login_admin" time="0.427" /><testcase classname="backend.tests.backend_test.TestAuth" name="test_login_customer" time="0.373"><failure message="AssertionError: assert 'test_cliente...8@example.com' == 'TEST_cliente...8@example.com'&#10;  &#10;  - TEST_cliente_0537e198@example.com&#10;  ? ^^^^&#10;  + test_cliente_0537e198@example.com&#10;  ? ^^^^">backend/tests/backend_test.py:103: in test_login_customer
    assert me.json()["email"] == CUSTOMER_EMAIL
E   AssertionError: assert 'test_cliente...8@example.com' == 'TEST_cliente...8@example.com'
E     
E     - TEST_cliente_0537e198@example.com
E     ? ^^^^
E     + test_cliente_0537e198@example.com
E     ? ^^^^</failure></testcase><testcase classname="backend.tests.backend_test.TestAuth" name="test_login_invalid" time="0.323" /><testcase classname="backend.tests.backend_test.TestAuth" name="test_me_unauth" time="0.137" /><testcase classname="backend.tests.backend_test.TestAuth" name="test_logout" time="0.462" /><testcase classname="backend.tests.backend_test.TestCep" name="test_cep_valid" time="0.497" /><testcase classname="backend.tests.backend_test.TestCep" name="test_cep_invalid_format" time="0.098" /><testcase classname="backend.tests.backend_test.TestOrders" name="test_create_order_unauth" time="0.096" /><testcase classname="backend.tests.backend_test.TestOrders" name="test_create_pix_order" time="0.154" /><testcase classname="backend.tests.backend_test.TestOrders" name="test_create_card_order" time="0.052" /><testcase classname="backend.tests.backend_test.TestOrders" name="test_card_missing_card_data" time="0.054" /><testcase classname="backend.tests.backend_test.TestOrders" name="test_my_orders" time="0.050" /><testcase classname="backend.tests.backend_test.TestAdmin" name="test_admin_orders_forbidden_for_customer" time="0.057" /><testcase classname="backend.tests.backend_test.TestAdmin" name="test_admin_orders_ok" time="0.048" /><testcase classname="backend.tests.backend_test.TestAdmin" name="test_admin_stats" time="0.112" /><testcase classname="backend.tests.backend_test.TestAdmin" name="test_admin_stats_forbidden" time="0.051" /></testsuite></testsuites>